[debug] [2022-03-14T10:36:38.002Z] ----------------------------------------------------------------------
[debug] [2022-03-14T10:36:38.004Z] Command:       C:\Program Files\nodejs\node.exe C:\Users\user\AppData\Roaming\npm\node_modules\firebase-tools\lib\bin\firebase.js deploy
[debug] [2022-03-14T10:36:38.005Z] CLI Version:   10.2.0
[debug] [2022-03-14T10:36:38.005Z] Platform:      win32
[debug] [2022-03-14T10:36:38.005Z] Node Version:  v14.17.1
[debug] [2022-03-14T10:36:38.017Z] Time:          Mon Mar 14 2022 16:36:38 GMT+0600 (Bangladesh Standard Time)
[debug] [2022-03-14T10:36:38.017Z] ----------------------------------------------------------------------
[debug] 
[debug] [2022-03-14T10:36:38.109Z] > command requires scopes: ["email","openid","https://www.googleapis.com/auth/cloudplatformprojects.readonly","https://www.googleapis.com/auth/firebase","https://www.googleapis.com/auth/cloud-platform"]
[debug] [2022-03-14T10:36:38.110Z] > authorizing via signed-in user (rukon7048@gmail.com)
[debug] [2022-03-14T10:36:38.110Z] [iam] checking project eskul-avengers for permissions ["firebase.projects.get","firebasehosting.sites.update"]
[debug] [2022-03-14T10:36:38.111Z] > refreshing access token with scopes: []
[debug] [2022-03-14T10:36:38.112Z] >>> HTTP REQUEST POST https://www.googleapis.com/oauth2/v3/token  
 <request body omitted>
[debug] [2022-03-14T10:36:59.337Z] [iam] error while checking permissions, command may fail: FirebaseError: Authentication Error: Your credentials are no longer valid. Please run firebase login --reauth

For CI servers and headless environments, generate a new token with firebase login:ci
[debug] [2022-03-14T10:36:59.338Z] > refreshing access token with scopes: []
[debug] [2022-03-14T10:36:59.338Z] >>> HTTP REQUEST POST https://www.googleapis.com/oauth2/v3/token  
 <request body omitted>
[debug] [2022-03-14T10:37:20.370Z] Authentication Error: Your credentials are no longer valid. Please run firebase login --reauth

For CI servers and headless environments, generate a new token with firebase login:ci
[debug] [2022-03-14T10:37:41.702Z] FirebaseError: Authentication Error: Your credentials are no longer valid. Please run firebase login --reauth

For CI servers and headless environments, generate a new token with firebase login:ci
    at invalidCredentialError (C:\Users\user\AppData\Roaming\npm\node_modules\firebase-tools\lib\auth.js:145:12)
    at refreshTokens (C:\Users\user\AppData\Roaming\npm\node_modules\firebase-tools\lib\auth.js:485:15)
    at processTicksAndRejections (internal/process/task_queues.js:95:5)
    at async Client.getAccessToken (C:\Users\user\AppData\Roaming\npm\node_modules\firebase-tools\lib\apiv2.js:147:23)
    at async Client.addAuthHeader (C:\Users\user\AppData\Roaming\npm\node_modules\firebase-tools\lib\apiv2.js:138:21)
    at async Client.request (C:\Users\user\AppData\Roaming\npm\node_modules\firebase-tools\lib\apiv2.js:94:34)
    at async getFirebaseProject (C:\Users\user\AppData\Roaming\npm\node_modules\firebase-tools\lib\management\projects.js:290:21)
    at async getDefaultHostingSite (C:\Users\user\AppData\Roaming\npm\node_modules\firebase-tools\lib\getDefaultHostingSite.js:8:21)
    at async requireHostingSite (C:\Users\user\AppData\Roaming\npm\node_modules\firebase-tools\lib\requireHostingSite.js:9:18)
    at async Object.fn (C:\Users\user\AppData\Roaming\npm\node_modules\firebase-tools\lib\commands\deploy.js:73:9)
    at async C:\Users\user\AppData\Roaming\npm\node_modules\firebase-tools\lib\command.js:188:17
[error] 
[error] Error: Failed to get Firebase project eskul-avengers. Please make sure the project exists and your account has permission to access it.
